<?xml version="1.0" encoding="UTF-8"?>
<testsuite xmlns:xsi="http://www.w3.org/2001/XMLSchema-instance" xsi:noNamespaceSchemaLocation="https://maven.apache.org/surefire/maven-failsafe-plugin/xsd/failsafe-test-report-3.0.xsd" version="3.0" name="Account Page feature" time="19.757" tests="2" errors="0" skipped="0" failures="0">
  <properties>
[...]
</properties>
  <testcase name="Account page title" classname="Account Page feature" time="11.394">
    <system-out><![CDATA[
@accounts
Scenario: Account page title                        &amp#27;[90m# src/test/resource/AppFeatures/AccountsPage.feature:9&amp#27;[0m
Browser value is chrome
User login test3211@test.comPassword Test123#
  &amp#27;[32mGiven &amp#27;[0m&amp#27;[32muser has already logged into application&amp#27;[0m    &amp#27;[90m# stepDefinitions.AccountsPageSteps.user_has_already_logged_into_application(io.cucumber.datatable.DataTable)&amp#27;[0m
    | username          | password |
    | test3211@test.com | Test123# |
Account Page Title isMy account - My Shop
  &amp#27;[32mGiven &amp#27;[0m&amp#27;[32muser is on a Accounts page&amp#27;[0m                  &amp#27;[90m# stepDefinitions.AccountsPageSteps.user_is_on_a_accounts_page()&amp#27;[0m
Login Page Title is: My account - My Shop
  &amp#27;[32mWhen &amp#27;[0m&amp#27;[32musers gets the title of the page&amp#27;[0m             &amp#27;[90m# stepDefinitions.LoginPageSteps.users_gets_the_title_of_the_page()&amp#27;[0m
  &amp#27;[32mThen &amp#27;[0m&amp#27;[32mpage tiltle should be &amp#27;[0m&amp#27;[32m&amp#27;[1m"My account - My Shop"&amp#27;[0m &amp#27;[90m# stepDefinitions.LoginPageSteps.page_tiltle_should_be(java.lang.String)&amp#27;[0m
]]></system-out>
    <system-err><![CDATA[Starting ChromeDriver 129.0.6668.58 (81a06fb873a9b386848719cf9f93e59579fb5d4b-refs/branch-heads/6668@{#1318}) on port 24797
Only local connections are allowed.
Please see https://chromedriver.chromium.org/security-considerations for suggestions on keeping ChromeDriver safe.
ChromeDriver was started successfully on port 24797.
Sep 25, 2024 12:34:10 PM org.openqa.selenium.remote.ProtocolHandshake createSession
INFO: Detected dialect: W3C
]]></system-err>
  </testcase>
  <testcase name="Account section count" classname="Account Page feature" time="8.362">
    <system-out><![CDATA[
@accounts
Scenario: Account section count                  &amp#27;[90m# src/test/resource/AppFeatures/AccountsPage.feature:15&amp#27;[0m
Browser value is chrome
User login test3211@test.comPassword Test123#
  &amp#27;[32mGiven &amp#27;[0m&amp#27;[32muser has already logged into application&amp#27;[0m &amp#27;[90m# stepDefinitions.AccountsPageSteps.user_has_already_logged_into_application(io.cucumber.datatable.DataTable)&amp#27;[0m
    | username          | password |
    | test3211@test.com | Test123# |
Account Page Title isMy account - My Shop
  &amp#27;[32mGiven &amp#27;[0m&amp#27;[32muser is on a Accounts page&amp#27;[0m               &amp#27;[90m# stepDefinitions.AccountsPageSteps.user_is_on_a_accounts_page()&amp#27;[0m
Excepted Account Section list[ADD MY FIRST ADDRESS, ORDER HISTORY AND DETAILS, MY CREDIT SLIPS, MY ADDRESSES, MY PERSONAL INFORMATION, Home]
ADD MY FIRST ADDRESS
ORDER HISTORY AND DETAILS
MY CREDIT SLIPS
MY ADDRESSES
MY PERSONAL INFORMATION
Home
Actual Account Section list[ADD MY FIRST ADDRESS, ORDER HISTORY AND DETAILS, MY CREDIT SLIPS, MY ADDRESSES, MY PERSONAL INFORMATION, Home]
  &amp#27;[32mThen &amp#27;[0m&amp#27;[32muser gets accounts section&amp#27;[0m                &amp#27;[90m# stepDefinitions.AccountsPageSteps.user_gets_accounts_section(io.cucumber.datatable.DataTable)&amp#27;[0m
    | ADD MY FIRST ADDRESS      |
    | ORDER HISTORY AND DETAILS |
    | MY CREDIT SLIPS           |
    | MY ADDRESSES              |
    | MY PERSONAL INFORMATION   |
    | Home                      |
  &amp#27;[32mAnd &amp#27;[0m&amp#27;[32maccounts section count should be &amp#27;[0m&amp#27;[32m&amp#27;[1m6&amp#27;[0m         &amp#27;[90m# stepDefinitions.AccountsPageSteps.accounts_section_count_should_be(java.lang.Integer)&amp#27;[0m
]]></system-out>
    <system-err><![CDATA[Starting ChromeDriver 129.0.6668.58 (81a06fb873a9b386848719cf9f93e59579fb5d4b-refs/branch-heads/6668@{#1318}) on port 21790
Only local connections are allowed.
Please see https://chromedriver.chromium.org/security-considerations for suggestions on keeping ChromeDriver safe.
ChromeDriver was started successfully on port 21790.
Sep 25, 2024 12:34:19 PM org.openqa.selenium.remote.ProtocolHandshake createSession
INFO: Detected dialect: W3C
]]></system-err>
  </testcase>
</testsuite>